<?xml version="1.0" encoding="UTF-8"?>
<!-- Generated by org.testng.reporters.JUnitReportReporter -->
<testsuite skipped="0" hostname="A2ML30057" name="TestNGDemo" tests="1" failures="0" timestamp="07 Sep 2019 10:19:40 GMT" time="0.018" errors="0">
  <testcase name="Demo" time="0.018" classname="TestNGDemo"/>
</testsuite> <!-- TestNGDemo -->
